{
  "stats": {
    "suites": 1,
    "tests": 2,
    "passes": 2,
    "pending": 0,
    "failures": 0,
    "start": "2026-02-14T11:27:14.534Z",
    "end": "2026-02-14T11:27:15.042Z",
    "duration": 508,
    "testsRegistered": 2,
    "passPercent": 100,
    "pendingPercent": 0,
    "other": 0,
    "hasOther": false,
    "skipped": 0,
    "hasSkipped": false
  },
  "results": [
    {
      "uuid": "77ebe370-db71-4364-a098-c5e5c676b303",
      "title": "",
      "fullFile": "C:\\Users\\salsabila.putri\\Downloads\\Personal Space\\QA\\api_automation\\api_automation_2\\api\\coba.test.js",
      "file": "\\api\\coba.test.js",
      "beforeHooks": [],
      "afterHooks": [],
      "tests": [],
      "suites": [
        {
          "uuid": "7f274e57-39db-492d-9875-471b8eef41bd",
          "title": "API Test Suite JSONPlaceholder",
          "fullFile": "C:\\Users\\salsabila.putri\\Downloads\\Personal Space\\QA\\api_automation\\api_automation_2\\api\\coba.test.js",
          "file": "\\api\\coba.test.js",
          "beforeHooks": [],
          "afterHooks": [],
          "tests": [
            {
              "title": "GET Single Post",
              "fullTitle": "API Test Suite JSONPlaceholder GET Single Post",
              "timedOut": false,
              "duration": 197,
              "state": "passed",
              "speed": "slow",
              "pass": true,
              "fail": false,
              "pending": false,
              "context": null,
              "code": "const response = await fetch(\"https://jsonplaceholder.typicode.com/posts/1\");\n    expect(response.status).to.equal(200);\n    const data = await response.json();\n    const schemaGet = {\n      type: \"object\",\n      properties: {\n        userId: { type: \"number\" },\n        id: { type: \"number\" },\n        title: { type: \"string\" },\n        body: { type: \"string\" }\n      },\n      required: [\"userId\", \"id\", \"title\", \"body\"],\n      additionalProperties: false\n    };\n    const validate = ajv.compile(schemaGet);\n    const valid = validate(data);\n    expect(valid).to.be.true;",
              "err": {},
              "uuid": "63dc2cbc-1825-4552-9495-a09670156064",
              "parentUUID": "7f274e57-39db-492d-9875-471b8eef41bd",
              "isHook": false,
              "skipped": false
            },
            {
              "title": "POST Create New Post",
              "fullTitle": "API Test Suite JSONPlaceholder POST Create New Post",
              "timedOut": false,
              "duration": 300,
              "state": "passed",
              "speed": "slow",
              "pass": true,
              "fail": false,
              "pending": false,
              "context": null,
              "code": "const payload = {\n      title: \"foo\",\n      body: \"bar\",\n      userId: 1\n    };\n    const response = await fetch(\"https://jsonplaceholder.typicode.com/posts\", {\n      method: \"POST\",\n      headers: {\n        \"Content-Type\": \"application/json\"\n      },\n      body: JSON.stringify(payload)\n    });\n    expect(response.status).to.equal(201);\n    const data = await response.json();\n    const schemaPost = {\n      type: \"object\",\n      properties: {\n        title: { type: \"string\" },\n        body: { type: \"string\" },\n        userId: { type: \"number\" },\n        id: { type: \"number\" }\n      },\n      required: [\"title\", \"body\", \"userId\", \"id\"],\n      additionalProperties: false\n    };\n    const validate = ajv.compile(schemaPost);\n    const valid = validate(data);\n    expect(valid).to.be.true;",
              "err": {},
              "uuid": "b88382e6-d24b-4a8c-9a4d-958fc5d0f609",
              "parentUUID": "7f274e57-39db-492d-9875-471b8eef41bd",
              "isHook": false,
              "skipped": false
            }
          ],
          "suites": [],
          "passes": [
            "63dc2cbc-1825-4552-9495-a09670156064",
            "b88382e6-d24b-4a8c-9a4d-958fc5d0f609"
          ],
          "failures": [],
          "pending": [],
          "skipped": [],
          "duration": 497,
          "root": false,
          "rootEmpty": false,
          "_timeout": 60000
        }
      ],
      "passes": [],
      "failures": [],
      "pending": [],
      "skipped": [],
      "duration": 0,
      "root": true,
      "rootEmpty": true,
      "_timeout": 60000
    }
  ],
  "meta": {
    "mocha": {
      "version": "11.7.5"
    },
    "mochawesome": {
      "options": {
        "quiet": false,
        "reportFilename": "mochawesome",
        "saveHtml": true,
        "saveJson": true,
        "consoleReporter": "spec",
        "useInlineDiffs": false,
        "code": true
      },
      "version": "7.1.3"
    },
    "marge": {
      "options": null,
      "version": "6.2.0"
    }
  }
}